<?xml version="1.0" encoding="UTF-8"?>
<testng-results ignored="2" total="4" passed="2" failed="0" skipped="0">
  <reporter-output>
  </reporter-output>
  <suite started-at="2023-08-07T15:56:28 IST" name="Suite" finished-at="2023-08-07T15:56:58 IST" duration-ms="30678">
    <groups>
    </groups>
    <test started-at="2023-08-07T15:56:28 IST" name="Test" finished-at="2023-08-07T15:56:58 IST" duration-ms="30678">
      <class name="Testscripts.Testscript_TS_SDIR_001">
        <test-method is-config="true" signature="Setup()[pri:0, instance:Testscripts.Testscript_TS_SDIR_001@72bc6553]" started-at="2023-08-07T15:56:07 IST" name="Setup" finished-at="2023-08-07T15:56:28 IST" duration-ms="20731" status="PASS">
          <reporter-output>
          </reporter-output>
        </test-method> <!-- Setup -->
        <test-method is-config="true" signature="setValues()[pri:0, instance:Testscripts.Testscript_TS_SDIR_001@72bc6553]" started-at="2023-08-07T15:56:28 IST" name="setValues" finished-at="2023-08-07T15:56:28 IST" duration-ms="1" status="PASS">
          <reporter-output>
          </reporter-output>
        </test-method> <!-- setValues -->
        <test-method is-config="true" signature="reportExecution()[pri:0, instance:Testscripts.Testscript_TS_SDIR_001@72bc6553]" started-at="2023-08-07T15:56:28 IST" name="reportExecution" finished-at="2023-08-07T15:56:28 IST" duration-ms="6" status="PASS">
          <reporter-output>
          </reporter-output>
        </test-method> <!-- reportExecution -->
        <test-method is-config="true" signature="precondition()[pri:0, instance:Testscripts.Testscript_TS_SDIR_001@72bc6553]" started-at="2023-08-07T15:56:28 IST" name="precondition" finished-at="2023-08-07T15:56:30 IST" duration-ms="2337" status="PASS">
          <reporter-output>
          </reporter-output>
        </test-method> <!-- precondition -->
        <test-method signature="TS_SDIR_001()[pri:0, instance:Testscripts.Testscript_TS_SDIR_001@72bc6553]" started-at="2023-08-07T15:56:30 IST" name="TS_SDIR_001" finished-at="2023-08-07T15:56:38 IST" duration-ms="8257" status="PASS">
          <reporter-output>
          </reporter-output>
        </test-method> <!-- TS_SDIR_001 -->
        <test-method is-config="true" signature="postcondition()[pri:0, instance:Testscripts.Testscript_TS_SDIR_001@72bc6553]" started-at="2023-08-07T15:56:38 IST" name="postcondition" finished-at="2023-08-07T15:56:39 IST" duration-ms="504" status="PASS">
          <reporter-output>
          </reporter-output>
        </test-method> <!-- postcondition -->
        <test-method is-config="true" signature="Flush()[pri:0, instance:Testscripts.Testscript_TS_SDIR_001@72bc6553]" started-at="2023-08-07T15:56:58 IST" name="Flush" finished-at="2023-08-07T15:56:59 IST" duration-ms="493" status="PASS">
          <reporter-output>
          </reporter-output>
        </test-method> <!-- Flush -->
      </class> <!-- Testscripts.Testscript_TS_SDIR_001 -->
      <class name="Testscripts.Testscript_TS_SDIR_002">
        <test-method is-config="true" signature="setValues()[pri:0, instance:Testscripts.Testscript_TS_SDIR_002@6b695b06]" started-at="2023-08-07T15:56:28 IST" name="setValues" finished-at="2023-08-07T15:56:28 IST" duration-ms="0" status="PASS">
          <reporter-output>
          </reporter-output>
        </test-method> <!-- setValues -->
        <test-method is-config="true" signature="reportExecution()[pri:0, instance:Testscripts.Testscript_TS_SDIR_002@6b695b06]" started-at="2023-08-07T15:56:39 IST" name="reportExecution" finished-at="2023-08-07T15:56:39 IST" duration-ms="2" status="PASS">
          <reporter-output>
          </reporter-output>
        </test-method> <!-- reportExecution -->
        <test-method is-config="true" signature="precondition()[pri:0, instance:Testscripts.Testscript_TS_SDIR_002@6b695b06]" started-at="2023-08-07T15:56:39 IST" name="precondition" finished-at="2023-08-07T15:56:40 IST" duration-ms="1174" status="PASS">
          <reporter-output>
          </reporter-output>
        </test-method> <!-- precondition -->
        <test-method signature="TS_SDIR_002()[pri:0, instance:Testscripts.Testscript_TS_SDIR_002@6b695b06]" started-at="2023-08-07T15:56:40 IST" name="TS_SDIR_002" finished-at="2023-08-07T15:56:58 IST" duration-ms="18036" status="PASS">
          <reporter-output>
          </reporter-output>
        </test-method> <!-- TS_SDIR_002 -->
        <test-method is-config="true" signature="postcondition()[pri:0, instance:Testscripts.Testscript_TS_SDIR_002@6b695b06]" started-at="2023-08-07T15:56:58 IST" name="postcondition" finished-at="2023-08-07T15:56:58 IST" duration-ms="327" status="PASS">
          <reporter-output>
          </reporter-output>
        </test-method> <!-- postcondition -->
      </class> <!-- Testscripts.Testscript_TS_SDIR_002 -->
    </test> <!-- Test -->
  </suite> <!-- Suite -->
</testng-results>
