<?xml version="1.0" encoding="UTF-8"?>
<testng-results ignored="2" total="4" passed="2" failed="0" skipped="0">
  <reporter-output>
  </reporter-output>
  <suite started-at="2023-07-26T22:02:47 IST" name="Suite" finished-at="2023-07-26T22:03:09 IST" duration-ms="22176">
    <groups>
    </groups>
    <test started-at="2023-07-26T22:02:47 IST" name="Test" finished-at="2023-07-26T22:03:09 IST" duration-ms="22176">
      <class name="Testscripts.Testscript_TS_SDIR_001">
        <test-method is-config="true" signature="Setup()[pri:0, instance:Testscripts.Testscript_TS_SDIR_001@c430e6c]" started-at="2023-07-26T22:02:26 IST" name="Setup" finished-at="2023-07-26T22:02:47 IST" duration-ms="20797" status="PASS">
          <reporter-output>
          </reporter-output>
        </test-method> <!-- Setup -->
        <test-method is-config="true" signature="setValues()[pri:0, instance:Testscripts.Testscript_TS_SDIR_001@c430e6c]" started-at="2023-07-26T22:02:47 IST" name="setValues" finished-at="2023-07-26T22:02:47 IST" duration-ms="1" status="PASS">
          <reporter-output>
          </reporter-output>
        </test-method> <!-- setValues -->
        <test-method is-config="true" signature="reportExecution()[pri:0, instance:Testscripts.Testscript_TS_SDIR_001@c430e6c]" started-at="2023-07-26T22:02:47 IST" name="reportExecution" finished-at="2023-07-26T22:02:47 IST" duration-ms="8" status="PASS">
          <reporter-output>
          </reporter-output>
        </test-method> <!-- reportExecution -->
        <test-method is-config="true" signature="precondition()[pri:0, instance:Testscripts.Testscript_TS_SDIR_001@c430e6c]" started-at="2023-07-26T22:02:47 IST" name="precondition" finished-at="2023-07-26T22:02:49 IST" duration-ms="2307" status="PASS">
          <reporter-output>
          </reporter-output>
        </test-method> <!-- precondition -->
        <test-method signature="TS_SDIR_001()[pri:0, instance:Testscripts.Testscript_TS_SDIR_001@c430e6c]" started-at="2023-07-26T22:02:49 IST" name="TS_SDIR_001" finished-at="2023-07-26T22:02:59 IST" duration-ms="9328" status="PASS">
          <reporter-output>
          </reporter-output>
        </test-method> <!-- TS_SDIR_001 -->
        <test-method is-config="true" signature="postcondition()[pri:0, instance:Testscripts.Testscript_TS_SDIR_001@c430e6c]" started-at="2023-07-26T22:02:59 IST" name="postcondition" finished-at="2023-07-26T22:02:59 IST" duration-ms="98" status="PASS">
          <reporter-output>
          </reporter-output>
        </test-method> <!-- postcondition -->
        <test-method is-config="true" signature="Flush()[pri:0, instance:Testscripts.Testscript_TS_SDIR_001@c430e6c]" started-at="2023-07-26T22:03:09 IST" name="Flush" finished-at="2023-07-26T22:03:10 IST" duration-ms="273" status="PASS">
          <reporter-output>
          </reporter-output>
        </test-method> <!-- Flush -->
      </class> <!-- Testscripts.Testscript_TS_SDIR_001 -->
      <class name="Testscripts.Testscript_TS_SDIR_002">
        <test-method is-config="true" signature="setValues()[pri:0, instance:Testscripts.Testscript_TS_SDIR_002@65987993]" started-at="2023-07-26T22:02:47 IST" name="setValues" finished-at="2023-07-26T22:02:47 IST" duration-ms="1" status="PASS">
          <reporter-output>
          </reporter-output>
        </test-method> <!-- setValues -->
        <test-method is-config="true" signature="reportExecution()[pri:0, instance:Testscripts.Testscript_TS_SDIR_002@65987993]" started-at="2023-07-26T22:02:59 IST" name="reportExecution" finished-at="2023-07-26T22:02:59 IST" duration-ms="0" status="PASS">
          <reporter-output>
          </reporter-output>
        </test-method> <!-- reportExecution -->
        <test-method is-config="true" signature="precondition()[pri:0, instance:Testscripts.Testscript_TS_SDIR_002@65987993]" started-at="2023-07-26T22:02:59 IST" name="precondition" finished-at="2023-07-26T22:03:00 IST" duration-ms="635" status="PASS">
          <reporter-output>
          </reporter-output>
        </test-method> <!-- precondition -->
        <test-method signature="TS_SDIR_002()[pri:0, instance:Testscripts.Testscript_TS_SDIR_002@65987993]" started-at="2023-07-26T22:03:00 IST" name="TS_SDIR_002" finished-at="2023-07-26T22:03:09 IST" duration-ms="9657" status="PASS">
          <reporter-output>
          </reporter-output>
        </test-method> <!-- TS_SDIR_002 -->
        <test-method is-config="true" signature="postcondition()[pri:0, instance:Testscripts.Testscript_TS_SDIR_002@65987993]" started-at="2023-07-26T22:03:09 IST" name="postcondition" finished-at="2023-07-26T22:03:09 IST" duration-ms="112" status="PASS">
          <reporter-output>
          </reporter-output>
        </test-method> <!-- postcondition -->
      </class> <!-- Testscripts.Testscript_TS_SDIR_002 -->
    </test> <!-- Test -->
  </suite> <!-- Suite -->
</testng-results>
