<?xml version="1.0" encoding="UTF-8"?>
<!-- Generated by org.testng.reporters.JUnitXMLReporter -->
<testsuite ignored="2" hostname="SEZLP536" failures="0" tests="2" name="Test" time="30.678" errors="0" timestamp="2023-08-07T15:56:58 IST">
  <testcase classname="Testscripts.Testscript_TS_SDIR_001" name="TS_SDIR_001" time="8.257"/>
  <testcase classname="Testscripts.Testscript_TS_SDIR_002" name="TS_SDIR_002" time="18.036"/>
  <testcase classname="ProjectSpecificBase.WebBase" name="@BeforeSuite Setup" time="0.0">
    <ignored/>
  </testcase> <!-- @BeforeSuite Setup -->
  <testcase classname="ProjectSpecificBase.WebBase" name="@AfterSuite Flush" time="0.0">
    <ignored/>
  </testcase> <!-- @AfterSuite Flush -->
</testsuite> <!-- Test -->
